[2024-08-02T01:29:40.548+0000] {processor.py:161} INFO - Started process (PID=25) to work on /opt/airflow/dags/reddit_dag.py
[2024-08-02T01:29:40.555+0000] {processor.py:830} INFO - Processing file /opt/airflow/dags/reddit_dag.py for tasks to queue
[2024-08-02T01:29:40.558+0000] {logging_mixin.py:188} INFO - [2024-08-02T01:29:40.558+0000] {dagbag.py:545} INFO - Filling up the DagBag from /opt/airflow/dags/reddit_dag.py
[2024-08-02T01:29:42.669+0000] {processor.py:840} INFO - DAG(s) 'reddit_data_pipeline' retrieved from /opt/airflow/dags/reddit_dag.py
[2024-08-02T01:29:42.785+0000] {logging_mixin.py:188} INFO - [2024-08-02T01:29:42.784+0000] {dag.py:3089} INFO - Sync 1 DAGs
[2024-08-02T01:29:42.879+0000] {logging_mixin.py:188} INFO - [2024-08-02T01:29:42.878+0000] {dag.py:3947} INFO - Setting next_dagrun for reddit_data_pipeline to 2024-08-02 00:00:00+00:00, run_after=2024-08-03 00:00:00+00:00
[2024-08-02T01:29:43.161+0000] {processor.py:183} INFO - Processing /opt/airflow/dags/reddit_dag.py took 2.646 seconds
[2024-08-02T01:30:14.006+0000] {processor.py:161} INFO - Started process (PID=27) to work on /opt/airflow/dags/reddit_dag.py
[2024-08-02T01:30:14.009+0000] {processor.py:830} INFO - Processing file /opt/airflow/dags/reddit_dag.py for tasks to queue
[2024-08-02T01:30:14.031+0000] {logging_mixin.py:188} INFO - [2024-08-02T01:30:14.015+0000] {dagbag.py:545} INFO - Filling up the DagBag from /opt/airflow/dags/reddit_dag.py
[2024-08-02T01:30:16.166+0000] {processor.py:840} INFO - DAG(s) 'reddit_data_pipeline' retrieved from /opt/airflow/dags/reddit_dag.py
[2024-08-02T01:30:16.239+0000] {logging_mixin.py:188} INFO - [2024-08-02T01:30:16.237+0000] {dag.py:3089} INFO - Sync 1 DAGs
[2024-08-02T01:30:17.724+0000] {logging_mixin.py:188} INFO - [2024-08-02T01:30:17.724+0000] {dag.py:3947} INFO - Setting next_dagrun for reddit_data_pipeline to 2024-08-02 00:00:00+00:00, run_after=2024-08-03 00:00:00+00:00
[2024-08-02T01:30:17.772+0000] {processor.py:183} INFO - Processing /opt/airflow/dags/reddit_dag.py took 3.798 seconds
[2024-08-02T01:30:48.417+0000] {processor.py:161} INFO - Started process (PID=29) to work on /opt/airflow/dags/reddit_dag.py
[2024-08-02T01:30:48.422+0000] {processor.py:830} INFO - Processing file /opt/airflow/dags/reddit_dag.py for tasks to queue
[2024-08-02T01:30:48.435+0000] {logging_mixin.py:188} INFO - [2024-08-02T01:30:48.434+0000] {dagbag.py:545} INFO - Filling up the DagBag from /opt/airflow/dags/reddit_dag.py
[2024-08-02T01:30:50.778+0000] {processor.py:840} INFO - DAG(s) 'reddit_data_pipeline' retrieved from /opt/airflow/dags/reddit_dag.py
[2024-08-02T01:30:53.551+0000] {logging_mixin.py:188} INFO - [2024-08-02T01:30:53.525+0000] {dag.py:3089} INFO - Sync 1 DAGs
[2024-08-02T01:30:53.989+0000] {logging_mixin.py:188} INFO - [2024-08-02T01:30:53.986+0000] {dag.py:3947} INFO - Setting next_dagrun for reddit_data_pipeline to 2024-08-02 00:00:00+00:00, run_after=2024-08-03 00:00:00+00:00
[2024-08-02T01:30:54.063+0000] {processor.py:183} INFO - Processing /opt/airflow/dags/reddit_dag.py took 5.692 seconds
[2024-08-02T01:31:24.751+0000] {processor.py:161} INFO - Started process (PID=31) to work on /opt/airflow/dags/reddit_dag.py
[2024-08-02T01:31:24.753+0000] {processor.py:830} INFO - Processing file /opt/airflow/dags/reddit_dag.py for tasks to queue
[2024-08-02T01:31:24.758+0000] {logging_mixin.py:188} INFO - [2024-08-02T01:31:24.756+0000] {dagbag.py:545} INFO - Filling up the DagBag from /opt/airflow/dags/reddit_dag.py
[2024-08-02T01:31:26.541+0000] {processor.py:840} INFO - DAG(s) 'reddit_data_pipeline' retrieved from /opt/airflow/dags/reddit_dag.py
[2024-08-02T01:31:26.688+0000] {logging_mixin.py:188} INFO - [2024-08-02T01:31:26.684+0000] {dag.py:3089} INFO - Sync 1 DAGs
[2024-08-02T01:31:26.856+0000] {logging_mixin.py:188} INFO - [2024-08-02T01:31:26.855+0000] {dag.py:3947} INFO - Setting next_dagrun for reddit_data_pipeline to 2024-08-02 00:00:00+00:00, run_after=2024-08-03 00:00:00+00:00
[2024-08-02T01:31:27.258+0000] {processor.py:183} INFO - Processing /opt/airflow/dags/reddit_dag.py took 2.582 seconds
[2024-08-02T01:31:58.398+0000] {processor.py:161} INFO - Started process (PID=33) to work on /opt/airflow/dags/reddit_dag.py
[2024-08-02T01:31:58.410+0000] {processor.py:830} INFO - Processing file /opt/airflow/dags/reddit_dag.py for tasks to queue
[2024-08-02T01:31:58.419+0000] {logging_mixin.py:188} INFO - [2024-08-02T01:31:58.417+0000] {dagbag.py:545} INFO - Filling up the DagBag from /opt/airflow/dags/reddit_dag.py
[2024-08-02T01:32:00.586+0000] {processor.py:840} INFO - DAG(s) 'reddit_data_pipeline' retrieved from /opt/airflow/dags/reddit_dag.py
[2024-08-02T01:32:01.236+0000] {logging_mixin.py:188} INFO - [2024-08-02T01:32:01.234+0000] {dag.py:3089} INFO - Sync 1 DAGs
[2024-08-02T01:32:01.707+0000] {logging_mixin.py:188} INFO - [2024-08-02T01:32:01.706+0000] {dag.py:3947} INFO - Setting next_dagrun for reddit_data_pipeline to 2024-08-02 00:00:00+00:00, run_after=2024-08-03 00:00:00+00:00
[2024-08-02T01:32:06.185+0000] {processor.py:183} INFO - Processing /opt/airflow/dags/reddit_dag.py took 7.849 seconds
[2024-08-02T01:32:39.371+0000] {processor.py:161} INFO - Started process (PID=35) to work on /opt/airflow/dags/reddit_dag.py
[2024-08-02T01:32:39.389+0000] {processor.py:830} INFO - Processing file /opt/airflow/dags/reddit_dag.py for tasks to queue
[2024-08-02T01:32:39.437+0000] {logging_mixin.py:188} INFO - [2024-08-02T01:32:39.393+0000] {dagbag.py:545} INFO - Filling up the DagBag from /opt/airflow/dags/reddit_dag.py
[2024-08-02T01:32:48.371+0000] {processor.py:840} INFO - DAG(s) 'reddit_data_pipeline' retrieved from /opt/airflow/dags/reddit_dag.py
[2024-08-02T01:32:48.485+0000] {logging_mixin.py:188} INFO - [2024-08-02T01:32:48.484+0000] {dag.py:3089} INFO - Sync 1 DAGs
[2024-08-02T01:32:54.373+0000] {logging_mixin.py:188} INFO - [2024-08-02T01:32:54.372+0000] {dag.py:3947} INFO - Setting next_dagrun for reddit_data_pipeline to 2024-08-02 00:00:00+00:00, run_after=2024-08-03 00:00:00+00:00
[2024-08-02T01:32:54.515+0000] {processor.py:183} INFO - Processing /opt/airflow/dags/reddit_dag.py took 15.206 seconds
[2024-08-02T01:33:25.282+0000] {processor.py:161} INFO - Started process (PID=37) to work on /opt/airflow/dags/reddit_dag.py
[2024-08-02T01:33:25.285+0000] {processor.py:830} INFO - Processing file /opt/airflow/dags/reddit_dag.py for tasks to queue
[2024-08-02T01:33:25.291+0000] {logging_mixin.py:188} INFO - [2024-08-02T01:33:25.291+0000] {dagbag.py:545} INFO - Filling up the DagBag from /opt/airflow/dags/reddit_dag.py
[2024-08-02T01:33:28.366+0000] {processor.py:840} INFO - DAG(s) 'reddit_data_pipeline' retrieved from /opt/airflow/dags/reddit_dag.py
[2024-08-02T01:33:29.930+0000] {logging_mixin.py:188} INFO - [2024-08-02T01:33:29.914+0000] {dag.py:3089} INFO - Sync 1 DAGs
[2024-08-02T01:33:31.543+0000] {logging_mixin.py:188} INFO - [2024-08-02T01:33:31.542+0000] {dag.py:3947} INFO - Setting next_dagrun for reddit_data_pipeline to 2024-08-02 00:00:00+00:00, run_after=2024-08-03 00:00:00+00:00
[2024-08-02T01:33:32.196+0000] {processor.py:183} INFO - Processing /opt/airflow/dags/reddit_dag.py took 6.937 seconds
[2024-08-02T01:34:02.597+0000] {processor.py:161} INFO - Started process (PID=39) to work on /opt/airflow/dags/reddit_dag.py
[2024-08-02T01:34:02.601+0000] {processor.py:830} INFO - Processing file /opt/airflow/dags/reddit_dag.py for tasks to queue
[2024-08-02T01:34:02.606+0000] {logging_mixin.py:188} INFO - [2024-08-02T01:34:02.605+0000] {dagbag.py:545} INFO - Filling up the DagBag from /opt/airflow/dags/reddit_dag.py
[2024-08-02T01:34:03.254+0000] {processor.py:840} INFO - DAG(s) 'reddit_data_pipeline' retrieved from /opt/airflow/dags/reddit_dag.py
[2024-08-02T01:34:03.295+0000] {logging_mixin.py:188} INFO - [2024-08-02T01:34:03.294+0000] {dag.py:3089} INFO - Sync 1 DAGs
[2024-08-02T01:34:03.385+0000] {logging_mixin.py:188} INFO - [2024-08-02T01:34:03.384+0000] {dag.py:3947} INFO - Setting next_dagrun for reddit_data_pipeline to 2024-08-02 00:00:00+00:00, run_after=2024-08-03 00:00:00+00:00
[2024-08-02T01:34:03.469+0000] {processor.py:183} INFO - Processing /opt/airflow/dags/reddit_dag.py took 0.903 seconds
[2024-08-02T01:34:34.375+0000] {processor.py:161} INFO - Started process (PID=41) to work on /opt/airflow/dags/reddit_dag.py
[2024-08-02T01:34:34.380+0000] {processor.py:830} INFO - Processing file /opt/airflow/dags/reddit_dag.py for tasks to queue
[2024-08-02T01:34:34.390+0000] {logging_mixin.py:188} INFO - [2024-08-02T01:34:34.389+0000] {dagbag.py:545} INFO - Filling up the DagBag from /opt/airflow/dags/reddit_dag.py
[2024-08-02T01:34:35.022+0000] {processor.py:840} INFO - DAG(s) 'reddit_data_pipeline' retrieved from /opt/airflow/dags/reddit_dag.py
[2024-08-02T01:34:35.114+0000] {logging_mixin.py:188} INFO - [2024-08-02T01:34:35.113+0000] {dag.py:3089} INFO - Sync 1 DAGs
[2024-08-02T01:34:35.150+0000] {logging_mixin.py:188} INFO - [2024-08-02T01:34:35.150+0000] {dag.py:3947} INFO - Setting next_dagrun for reddit_data_pipeline to 2024-08-02 00:00:00+00:00, run_after=2024-08-03 00:00:00+00:00
[2024-08-02T01:34:35.412+0000] {processor.py:183} INFO - Processing /opt/airflow/dags/reddit_dag.py took 1.074 seconds
[2024-08-02T01:35:06.356+0000] {processor.py:161} INFO - Started process (PID=43) to work on /opt/airflow/dags/reddit_dag.py
[2024-08-02T01:35:06.357+0000] {processor.py:830} INFO - Processing file /opt/airflow/dags/reddit_dag.py for tasks to queue
[2024-08-02T01:35:06.361+0000] {logging_mixin.py:188} INFO - [2024-08-02T01:35:06.360+0000] {dagbag.py:545} INFO - Filling up the DagBag from /opt/airflow/dags/reddit_dag.py
[2024-08-02T01:35:07.314+0000] {processor.py:840} INFO - DAG(s) 'reddit_data_pipeline' retrieved from /opt/airflow/dags/reddit_dag.py
[2024-08-02T01:35:07.355+0000] {logging_mixin.py:188} INFO - [2024-08-02T01:35:07.355+0000] {dag.py:3089} INFO - Sync 1 DAGs
[2024-08-02T01:35:07.592+0000] {logging_mixin.py:188} INFO - [2024-08-02T01:35:07.591+0000] {dag.py:3947} INFO - Setting next_dagrun for reddit_data_pipeline to 2024-08-02 00:00:00+00:00, run_after=2024-08-03 00:00:00+00:00
[2024-08-02T01:35:07.650+0000] {processor.py:183} INFO - Processing /opt/airflow/dags/reddit_dag.py took 1.308 seconds
[2024-08-02T01:35:38.064+0000] {processor.py:161} INFO - Started process (PID=45) to work on /opt/airflow/dags/reddit_dag.py
[2024-08-02T01:35:38.074+0000] {processor.py:830} INFO - Processing file /opt/airflow/dags/reddit_dag.py for tasks to queue
[2024-08-02T01:35:38.086+0000] {logging_mixin.py:188} INFO - [2024-08-02T01:35:38.084+0000] {dagbag.py:545} INFO - Filling up the DagBag from /opt/airflow/dags/reddit_dag.py
[2024-08-02T01:35:38.752+0000] {processor.py:840} INFO - DAG(s) 'reddit_data_pipeline' retrieved from /opt/airflow/dags/reddit_dag.py
[2024-08-02T01:35:38.785+0000] {logging_mixin.py:188} INFO - [2024-08-02T01:35:38.785+0000] {dag.py:3089} INFO - Sync 1 DAGs
[2024-08-02T01:35:38.977+0000] {logging_mixin.py:188} INFO - [2024-08-02T01:35:38.977+0000] {dag.py:3947} INFO - Setting next_dagrun for reddit_data_pipeline to 2024-08-02 00:00:00+00:00, run_after=2024-08-03 00:00:00+00:00
[2024-08-02T01:35:39.007+0000] {processor.py:183} INFO - Processing /opt/airflow/dags/reddit_dag.py took 0.987 seconds
[2024-08-02T01:36:09.658+0000] {processor.py:161} INFO - Started process (PID=47) to work on /opt/airflow/dags/reddit_dag.py
[2024-08-02T01:36:09.663+0000] {processor.py:830} INFO - Processing file /opt/airflow/dags/reddit_dag.py for tasks to queue
[2024-08-02T01:36:09.671+0000] {logging_mixin.py:188} INFO - [2024-08-02T01:36:09.669+0000] {dagbag.py:545} INFO - Filling up the DagBag from /opt/airflow/dags/reddit_dag.py
[2024-08-02T01:36:10.383+0000] {processor.py:840} INFO - DAG(s) 'reddit_data_pipeline' retrieved from /opt/airflow/dags/reddit_dag.py
[2024-08-02T01:36:10.598+0000] {logging_mixin.py:188} INFO - [2024-08-02T01:36:10.597+0000] {dag.py:3089} INFO - Sync 1 DAGs
[2024-08-02T01:36:10.652+0000] {logging_mixin.py:188} INFO - [2024-08-02T01:36:10.652+0000] {dag.py:3947} INFO - Setting next_dagrun for reddit_data_pipeline to 2024-08-02 00:00:00+00:00, run_after=2024-08-03 00:00:00+00:00
[2024-08-02T01:36:10.705+0000] {processor.py:183} INFO - Processing /opt/airflow/dags/reddit_dag.py took 1.101 seconds
[2024-08-02T01:36:41.430+0000] {processor.py:161} INFO - Started process (PID=49) to work on /opt/airflow/dags/reddit_dag.py
[2024-08-02T01:36:41.434+0000] {processor.py:830} INFO - Processing file /opt/airflow/dags/reddit_dag.py for tasks to queue
[2024-08-02T01:36:41.441+0000] {logging_mixin.py:188} INFO - [2024-08-02T01:36:41.440+0000] {dagbag.py:545} INFO - Filling up the DagBag from /opt/airflow/dags/reddit_dag.py
[2024-08-02T01:36:42.577+0000] {processor.py:840} INFO - DAG(s) 'reddit_data_pipeline' retrieved from /opt/airflow/dags/reddit_dag.py
[2024-08-02T01:36:42.625+0000] {logging_mixin.py:188} INFO - [2024-08-02T01:36:42.624+0000] {dag.py:3089} INFO - Sync 1 DAGs
[2024-08-02T01:36:42.664+0000] {logging_mixin.py:188} INFO - [2024-08-02T01:36:42.664+0000] {dag.py:3947} INFO - Setting next_dagrun for reddit_data_pipeline to 2024-08-02 00:00:00+00:00, run_after=2024-08-03 00:00:00+00:00
[2024-08-02T01:36:42.697+0000] {processor.py:183} INFO - Processing /opt/airflow/dags/reddit_dag.py took 1.293 seconds
[2024-08-02T01:37:13.362+0000] {processor.py:161} INFO - Started process (PID=51) to work on /opt/airflow/dags/reddit_dag.py
[2024-08-02T01:37:13.367+0000] {processor.py:830} INFO - Processing file /opt/airflow/dags/reddit_dag.py for tasks to queue
[2024-08-02T01:37:13.380+0000] {logging_mixin.py:188} INFO - [2024-08-02T01:37:13.378+0000] {dagbag.py:545} INFO - Filling up the DagBag from /opt/airflow/dags/reddit_dag.py
[2024-08-02T01:37:14.368+0000] {processor.py:840} INFO - DAG(s) 'reddit_data_pipeline' retrieved from /opt/airflow/dags/reddit_dag.py
[2024-08-02T01:37:14.405+0000] {logging_mixin.py:188} INFO - [2024-08-02T01:37:14.404+0000] {dag.py:3089} INFO - Sync 1 DAGs
[2024-08-02T01:37:14.448+0000] {logging_mixin.py:188} INFO - [2024-08-02T01:37:14.448+0000] {dag.py:3947} INFO - Setting next_dagrun for reddit_data_pipeline to 2024-08-02 00:00:00+00:00, run_after=2024-08-03 00:00:00+00:00
[2024-08-02T01:37:14.480+0000] {processor.py:183} INFO - Processing /opt/airflow/dags/reddit_dag.py took 1.161 seconds
[2024-08-02T01:37:44.884+0000] {processor.py:161} INFO - Started process (PID=53) to work on /opt/airflow/dags/reddit_dag.py
[2024-08-02T01:37:44.886+0000] {processor.py:830} INFO - Processing file /opt/airflow/dags/reddit_dag.py for tasks to queue
[2024-08-02T01:37:44.890+0000] {logging_mixin.py:188} INFO - [2024-08-02T01:37:44.889+0000] {dagbag.py:545} INFO - Filling up the DagBag from /opt/airflow/dags/reddit_dag.py
[2024-08-02T01:37:45.594+0000] {processor.py:840} INFO - DAG(s) 'reddit_data_pipeline' retrieved from /opt/airflow/dags/reddit_dag.py
[2024-08-02T01:37:45.672+0000] {logging_mixin.py:188} INFO - [2024-08-02T01:37:45.671+0000] {dag.py:3089} INFO - Sync 1 DAGs
[2024-08-02T01:37:45.890+0000] {logging_mixin.py:188} INFO - [2024-08-02T01:37:45.889+0000] {dag.py:3947} INFO - Setting next_dagrun for reddit_data_pipeline to 2024-08-02 00:00:00+00:00, run_after=2024-08-03 00:00:00+00:00
[2024-08-02T01:37:46.155+0000] {processor.py:183} INFO - Processing /opt/airflow/dags/reddit_dag.py took 1.288 seconds
[2024-08-02T01:38:16.584+0000] {processor.py:161} INFO - Started process (PID=55) to work on /opt/airflow/dags/reddit_dag.py
[2024-08-02T01:38:16.590+0000] {processor.py:830} INFO - Processing file /opt/airflow/dags/reddit_dag.py for tasks to queue
[2024-08-02T01:38:16.607+0000] {logging_mixin.py:188} INFO - [2024-08-02T01:38:16.606+0000] {dagbag.py:545} INFO - Filling up the DagBag from /opt/airflow/dags/reddit_dag.py
[2024-08-02T01:38:18.662+0000] {processor.py:840} INFO - DAG(s) 'reddit_data_pipeline' retrieved from /opt/airflow/dags/reddit_dag.py
