[2024-08-05T18:32:54.339+0000] {local_task_job_runner.py:120} INFO - ::group::Pre task execution logs
[2024-08-05T18:32:54.399+0000] {taskinstance.py:2076} INFO - Dependencies all met for dep_context=non-requeueable deps ti=<TaskInstance: reddit_data_pipeline.s3_upload manual__2024-08-05T18:32:44.051388+00:00 [queued]>
[2024-08-05T18:32:54.420+0000] {taskinstance.py:2076} INFO - Dependencies all met for dep_context=requeueable deps ti=<TaskInstance: reddit_data_pipeline.s3_upload manual__2024-08-05T18:32:44.051388+00:00 [queued]>
[2024-08-05T18:32:54.421+0000] {taskinstance.py:2306} INFO - Starting attempt 1 of 1
[2024-08-05T18:32:54.451+0000] {taskinstance.py:2330} INFO - Executing <Task(PythonOperator): s3_upload> on 2024-08-05 18:32:44.051388+00:00
[2024-08-05T18:32:54.461+0000] {standard_task_runner.py:64} INFO - Started process 78 to run task
[2024-08-05T18:32:54.469+0000] {standard_task_runner.py:90} INFO - Running: ['airflow', 'tasks', 'run', 'reddit_data_pipeline', 's3_upload', 'manual__2024-08-05T18:32:44.051388+00:00', '--job-id', '11', '--raw', '--subdir', 'DAGS_FOLDER/reddit_dag.py', '--cfg-path', '/tmp/tmpgpzk1_9z']
[2024-08-05T18:32:54.473+0000] {standard_task_runner.py:91} INFO - Job 11: Subtask s3_upload
[2024-08-05T18:32:54.572+0000] {task_command.py:426} INFO - Running <TaskInstance: reddit_data_pipeline.s3_upload manual__2024-08-05T18:32:44.051388+00:00 [running]> on host 6af9bcc3df88
[2024-08-05T18:32:55.142+0000] {taskinstance.py:2648} INFO - Exporting env vars: AIRFLOW_CTX_DAG_OWNER='Piyush Agarwal' AIRFLOW_CTX_DAG_ID='reddit_data_pipeline' AIRFLOW_CTX_TASK_ID='s3_upload' AIRFLOW_CTX_EXECUTION_DATE='2024-08-05T18:32:44.051388+00:00' AIRFLOW_CTX_TRY_NUMBER='1' AIRFLOW_CTX_DAG_RUN_ID='manual__2024-08-05T18:32:44.051388+00:00'
[2024-08-05T18:32:55.144+0000] {taskinstance.py:430} INFO - ::endgroup::
[2024-08-05T18:32:55.267+0000] {logging_mixin.py:188} INFO - 'NoneType' object has no attribute 'exists'
[2024-08-05T18:32:55.268+0000] {taskinstance.py:441} INFO - ::group::Post task execution logs
[2024-08-05T18:32:55.270+0000] {taskinstance.py:2905} ERROR - Task failed with exception
Traceback (most recent call last):
  File "/home/airflow/.local/lib/python3.9/site-packages/airflow/models/taskinstance.py", line 465, in _execute_task
    result = _execute_callable(context=context, **execute_callable_kwargs)
  File "/home/airflow/.local/lib/python3.9/site-packages/airflow/models/taskinstance.py", line 432, in _execute_callable
    return execute_callable(context=context, **execute_callable_kwargs)
  File "/home/airflow/.local/lib/python3.9/site-packages/airflow/models/baseoperator.py", line 401, in wrapper
    return func(self, *args, **kwargs)
  File "/home/airflow/.local/lib/python3.9/site-packages/airflow/operators/python.py", line 235, in execute
    return_value = self.execute_callable()
  File "/home/airflow/.local/lib/python3.9/site-packages/airflow/operators/python.py", line 252, in execute_callable
    return self.python_callable(*self.op_args, **self.op_kwargs)
  File "/opt/airflow/pipelines/aws_s3_pipeline.py", line 13, in upload_s3_pipeline
    upload_to_s3(s3, file_path, AWS_BUCKET_NAME, file_path.split('/')[-1])
  File "/opt/airflow/etls/aws_etl.py", line 26, in upload_to_s3
    s3.put(file_path, bucket+'/raw/'+ s3_file_name)
AttributeError: 'NoneType' object has no attribute 'put'
[2024-08-05T18:32:55.322+0000] {taskinstance.py:1206} INFO - Marking task as FAILED. dag_id=reddit_data_pipeline, task_id=s3_upload, run_id=manual__2024-08-05T18:32:44.051388+00:00, execution_date=20240805T183244, start_date=20240805T183254, end_date=20240805T183255
[2024-08-05T18:32:55.351+0000] {standard_task_runner.py:110} ERROR - Failed to execute job 11 for task s3_upload ('NoneType' object has no attribute 'put'; 78)
[2024-08-05T18:32:55.394+0000] {local_task_job_runner.py:243} INFO - Task exited with return code 1
[2024-08-05T18:32:55.451+0000] {taskinstance.py:3503} INFO - 0 downstream tasks scheduled from follow-on schedule check
[2024-08-05T18:32:55.455+0000] {local_task_job_runner.py:222} INFO - ::endgroup::
