[2024-08-01T18:35:46.991+0000] {local_task_job_runner.py:120} INFO - ::group::Pre task execution logs
[2024-08-01T18:35:47.105+0000] {taskinstance.py:2076} INFO - Dependencies all met for dep_context=non-requeueable deps ti=<TaskInstance: reddit_data_pipeline.reddit_extraction manual__2024-08-01T18:35:43.156300+00:00 [queued]>
[2024-08-01T18:35:47.134+0000] {taskinstance.py:2076} INFO - Dependencies all met for dep_context=requeueable deps ti=<TaskInstance: reddit_data_pipeline.reddit_extraction manual__2024-08-01T18:35:43.156300+00:00 [queued]>
[2024-08-01T18:35:47.135+0000] {taskinstance.py:2306} INFO - Starting attempt 1 of 1
[2024-08-01T18:35:47.191+0000] {taskinstance.py:2330} INFO - Executing <Task(PythonOperator): reddit_extraction> on 2024-08-01 18:35:43.156300+00:00
[2024-08-01T18:35:47.203+0000] {standard_task_runner.py:64} INFO - Started process 56 to run task
[2024-08-01T18:35:47.209+0000] {standard_task_runner.py:90} INFO - Running: ['airflow', 'tasks', 'run', 'reddit_data_pipeline', 'reddit_extraction', 'manual__2024-08-01T18:35:43.156300+00:00', '--job-id', '6', '--raw', '--subdir', 'DAGS_FOLDER/reddit_dag.py', '--cfg-path', '/tmp/tmpwuhgmzv9']
[2024-08-01T18:35:47.213+0000] {standard_task_runner.py:91} INFO - Job 6: Subtask reddit_extraction
[2024-08-01T18:35:47.295+0000] {task_command.py:426} INFO - Running <TaskInstance: reddit_data_pipeline.reddit_extraction manual__2024-08-01T18:35:43.156300+00:00 [running]> on host 4955d3be83dc
[2024-08-01T18:35:47.859+0000] {taskinstance.py:2648} INFO - Exporting env vars: AIRFLOW_CTX_DAG_OWNER='Piyush Agarwal' AIRFLOW_CTX_DAG_ID='reddit_data_pipeline' AIRFLOW_CTX_TASK_ID='reddit_extraction' AIRFLOW_CTX_EXECUTION_DATE='2024-08-01T18:35:43.156300+00:00' AIRFLOW_CTX_TRY_NUMBER='1' AIRFLOW_CTX_DAG_RUN_ID='manual__2024-08-01T18:35:43.156300+00:00'
[2024-08-01T18:35:47.864+0000] {taskinstance.py:430} INFO - ::endgroup::
[2024-08-01T18:35:48.243+0000] {logging_mixin.py:188} INFO - Connected to Reddit
[2024-08-01T18:35:49.463+0000] {taskinstance.py:441} INFO - ::group::Post task execution logs
[2024-08-01T18:35:49.464+0000] {taskinstance.py:2905} ERROR - Task failed with exception
Traceback (most recent call last):
  File "/home/airflow/.local/lib/python3.9/site-packages/airflow/models/taskinstance.py", line 465, in _execute_task
    result = _execute_callable(context=context, **execute_callable_kwargs)
  File "/home/airflow/.local/lib/python3.9/site-packages/airflow/models/taskinstance.py", line 432, in _execute_callable
    return execute_callable(context=context, **execute_callable_kwargs)
  File "/home/airflow/.local/lib/python3.9/site-packages/airflow/models/baseoperator.py", line 401, in wrapper
    return func(self, *args, **kwargs)
  File "/home/airflow/.local/lib/python3.9/site-packages/airflow/operators/python.py", line 235, in execute
    return_value = self.execute_callable()
  File "/home/airflow/.local/lib/python3.9/site-packages/airflow/operators/python.py", line 252, in execute_callable
    return self.python_callable(*self.op_args, **self.op_kwargs)
  File "/opt/airflow/pipelines/reddit_pipeline.py", line 11, in reddit_pipeline
    posts_df = pd.Dataframe(posts)
AttributeError: module 'pandas' has no attribute 'Dataframe'
[2024-08-01T18:35:49.501+0000] {taskinstance.py:1206} INFO - Marking task as FAILED. dag_id=reddit_data_pipeline, task_id=reddit_extraction, run_id=manual__2024-08-01T18:35:43.156300+00:00, execution_date=20240801T183543, start_date=20240801T183547, end_date=20240801T183549
[2024-08-01T18:35:49.534+0000] {standard_task_runner.py:110} ERROR - Failed to execute job 6 for task reddit_extraction (module 'pandas' has no attribute 'Dataframe'; 56)
[2024-08-01T18:35:49.563+0000] {local_task_job_runner.py:243} INFO - Task exited with return code 1
[2024-08-01T18:35:49.592+0000] {taskinstance.py:3503} INFO - 0 downstream tasks scheduled from follow-on schedule check
[2024-08-01T18:35:49.594+0000] {local_task_job_runner.py:222} INFO - ::endgroup::
